<?xml version="1.0" encoding="UTF-8"?>
<!-- Generated by org.testng.reporters.JUnitReportReporter -->
<testsuite hostname="DESKTOP-ULR0IHN" failures="0" tests="1" name="Reportpack.Extentdemo" time="9.041" errors="0" timestamp="2 Nov 2022 06:29:19 GMT">
  <testcase classname="Reportpack.Extentdemo" name="initialdemo" time="9.041"/>
</testsuite> <!-- Reportpack.Extentdemo -->
